# JRE version: Java(TM) SE Runtime Environment (8.0_77-b03) (build 1.8.0_77-b03)
# Java VM: Java HotSpot(TM) 64-Bit Server VM (25.77-b03 mixed mode bsd-amd64 compressed oops)
Heap:
 PSYoungGen      total 525312K, used 26704K [0x000000076ab00000, 0x0000000798f80000, 0x00000007c0000000)
  eden space 476672K, 0% used [0x000000076ab00000,0x000000076ab00000,0x0000000787c80000)
  from space 48640K, 54% used [0x0000000787c80000,0x0000000789694010,0x000000078ac00000)
  to   space 47616K, 0% used [0x0000000796100000,0x0000000796100000,0x0000000798f80000)
 ParOldGen       total 124928K, used 113542K [0x00000006c0000000, 0x00000006c7a00000, 0x000000076ab00000)
  object space 124928K, 90% used [0x00000006c0000000,0x00000006c6ee1be8,0x00000006c7a00000)
 Metaspace       used 24400K, capacity 24922K, committed 25136K, reserved 1071104K
  class space    used 2837K, capacity 3090K, committed 3120K, reserved 1048576K
GC Heap History (10 events):
Event: 27.054 GC heap after
Heap after GC invocations=12 (full 1):
 PSYoungGen      total 269824K, used 37056K [0x000000076ab00000, 0x0000000785200000, 0x00000007c0000000)
  eden space 227328K, 0% used [0x000000076ab00000,0x000000076ab00000,0x0000000778900000)
  from space 42496K, 87% used [0x0000000778900000,0x000000077ad30140,0x000000077b280000)
  to   space 46592K, 0% used [0x0000000782480000,0x0000000782480000,0x0000000785200000)
 ParOldGen       total 124928K, used 54038K [0x00000006c0000000, 0x00000006c7a00000, 0x000000076ab00000)
  object space 124928K, 43% used [0x00000006c0000000,0x00000006c34c5910,0x00000006c7a00000)
 Metaspace       used 24327K, capacity 24904K, committed 25136K, reserved 1071104K
  class space    used 2836K, capacity 3089K, committed 3120K, reserved 1048576K
}
Event: 30.269 GC heap before
{Heap before GC invocations=13 (full 1):
 PSYoungGen      total 269824K, used 264384K [0x000000076ab00000, 0x0000000785200000, 0x00000007c0000000)
  eden space 227328K, 100% used [0x000000076ab00000,0x0000000778900000,0x0000000778900000)
  from space 42496K, 87% used [0x0000000778900000,0x000000077ad30140,0x000000077b280000)
  to   space 46592K, 0% used [0x0000000782480000,0x0000000782480000,0x0000000785200000)
 ParOldGen       total 124928K, used 54038K [0x00000006c0000000, 0x00000006c7a00000, 0x000000076ab00000)
  object space 124928K, 43% used [0x00000006c0000000,0x00000006c34c5910,0x00000006c7a00000)
 Metaspace       used 24354K, capacity 24914K, committed 25136K, reserved 1071104K
  class space    used 2837K, capacity 3090K, committed 3120K, reserved 1048576K
Event: 30.323 GC heap after
Heap after GC invocations=13 (full 1):
 PSYoungGen      total 381952K, used 34736K [0x000000076ab00000, 0x0000000785280000, 0x00000007c0000000)
  eden space 335360K, 0% used [0x000000076ab00000,0x000000076ab00000,0x000000077f280000)
  from space 46592K, 74% used [0x0000000782480000,0x000000078466c020,0x0000000785200000)
  to   space 49152K, 0% used [0x000000077f280000,0x000000077f280000,0x0000000782280000)
 ParOldGen       total 124928K, used 67790K [0x00000006c0000000, 0x00000006c7a00000, 0x000000076ab00000)
  object space 124928K, 54% used [0x00000006c0000000,0x00000006c4233a30,0x00000006c7a00000)
 Metaspace       used 24354K, capacity 24914K, committed 25136K, reserved 1071104K
  class space    used 2837K, capacity 3090K, committed 3120K, reserved 1048576K
}
Event: 37.713 GC heap before
{Heap before GC invocations=14 (full 1):
 PSYoungGen      total 381952K, used 370096K [0x000000076ab00000, 0x0000000785280000, 0x00000007c0000000)
  eden space 335360K, 100% used [0x000000076ab00000,0x000000077f280000,0x000000077f280000)
  from space 46592K, 74% used [0x0000000782480000,0x000000078466c020,0x0000000785200000)
  to   space 49152K, 0% used [0x000000077f280000,0x000000077f280000,0x0000000782280000)
 ParOldGen       total 124928K, used 67790K [0x00000006c0000000, 0x00000006c7a00000, 0x000000076ab00000)
  object space 124928K, 54% used [0x00000006c0000000,0x00000006c4233a30,0x00000006c7a00000)
 Metaspace       used 24360K, capacity 24922K, committed 25136K, reserved 1071104K
  class space    used 2837K, capacity 3090K, committed 3120K, reserved 1048576K
Event: 37.756 GC heap after
Heap after GC invocations=14 (full 1):
 PSYoungGen      total 384512K, used 14568K [0x000000076ab00000, 0x000000078e180000, 0x00000007c0000000)
  eden space 335360K, 0% used [0x000000076ab00000,0x000000076ab00000,0x000000077f280000)
  from space 49152K, 29% used [0x000000077f280000,0x00000007800ba1b8,0x0000000782280000)
  to   space 47616K, 0% used [0x000000078b300000,0x000000078b300000,0x000000078e180000)
 ParOldGen       total 124928K, used 88270K [0x00000006c0000000, 0x00000006c7a00000, 0x000000076ab00000)
  object space 124928K, 70% used [0x00000006c0000000,0x00000006c5633a40,0x00000006c7a00000)
 Metaspace       used 24360K, capacity 24922K, committed 25136K, reserved 1071104K
  class space    used 2837K, capacity 3090K, committed 3120K, reserved 1048576K
}
Event: 43.647 GC heap before
{Heap before GC invocations=15 (full 1):
 PSYoungGen      total 384512K, used 349928K [0x000000076ab00000, 0x000000078e180000, 0x00000007c0000000)
  eden space 335360K, 100% used [0x000000076ab00000,0x000000077f280000,0x000000077f280000)
  from space 49152K, 29% used [0x000000077f280000,0x00000007800ba1b8,0x0000000782280000)
  to   space 47616K, 0% used [0x000000078b300000,0x000000078b300000,0x000000078e180000)
 ParOldGen       total 124928K, used 88270K [0x00000006c0000000, 0x00000006c7a00000, 0x000000076ab00000)
  object space 124928K, 70% used [0x00000006c0000000,0x00000006c5633a40,0x00000006c7a00000)
 Metaspace       used 24397K, capacity 24922K, committed 25136K, reserved 1071104K
  class space    used 2837K, capacity 3090K, committed 3120K, reserved 1048576K
Event: 43.707 GC heap after
Heap after GC invocations=15 (full 1):
 PSYoungGen      total 518144K, used 30864K [0x000000076ab00000, 0x000000078db80000, 0x00000007c0000000)
  eden space 476672K, 0% used [0x000000076ab00000,0x000000076ab00000,0x0000000787c80000)
  from space 41472K, 74% used [0x000000078b300000,0x000000078d124010,0x000000078db80000)
  to   space 48640K, 0% used [0x0000000787c80000,0x0000000787c80000,0x000000078ac00000)
 ParOldGen       total 124928K, used 101510K [0x00000006c0000000, 0x00000006c7a00000, 0x000000076ab00000)
  object space 124928K, 81% used [0x00000006c0000000,0x00000006c6321be8,0x00000006c7a00000)
 Metaspace       used 24397K, capacity 24922K, committed 25136K, reserved 1071104K
  class space    used 2837K, capacity 3090K, committed 3120K, reserved 1048576K
}
Event: 51.667 GC heap before
{Heap before GC invocations=16 (full 1):
 PSYoungGen      total 518144K, used 507536K [0x000000076ab00000, 0x000000078db80000, 0x00000007c0000000)
  eden space 476672K, 100% used [0x000000076ab00000,0x0000000787c80000,0x0000000787c80000)
  from space 41472K, 74% used [0x000000078b300000,0x000000078d124010,0x000000078db80000)
  to   space 48640K, 0% used [0x0000000787c80000,0x0000000787c80000,0x000000078ac00000)
 ParOldGen       total 124928K, used 101510K [0x00000006c0000000, 0x00000006c7a00000, 0x000000076ab00000)
  object space 124928K, 81% used [0x00000006c0000000,0x00000006c6321be8,0x00000006c7a00000)
 Metaspace       used 24400K, capacity 24922K, committed 25136K, reserved 1071104K
  class space    used 2837K, capacity 3090K, committed 3120K, reserved 1048576K
Event: 51.713 GC heap after
Heap after GC invocations=16 (full 1):
 PSYoungGen      total 525312K, used 26704K [0x000000076ab00000, 0x0000000798f80000, 0x00000007c0000000)
  eden space 476672K, 0% used [0x000000076ab00000,0x000000076ab00000,0x0000000787c80000)
  from space 48640K, 54% used [0x0000000787c80000,0x0000000789694010,0x000000078ac00000)
  to   space 47616K, 0% used [0x0000000796100000,0x0000000796100000,0x0000000798f80000)
 ParOldGen       total 124928K, used 113542K [0x00000006c0000000, 0x00000006c7a00000, 0x000000076ab00000)
  object space 124928K, 90% used [0x00000006c0000000,0x00000006c6ee1be8,0x00000006c7a00000)
 Metaspace       used 24400K, capacity 24922K, committed 25136K, reserved 1071104K
  class space    used 2837K, capacity 3090K, committed 3120K, reserved 1048576K
}
Event: 51.713 GC heap before
{Heap before GC invocations=17 (full 2):
 PSYoungGen      total 525312K, used 26704K [0x000000076ab00000, 0x0000000798f80000, 0x00000007c0000000)
  eden space 476672K, 0% used [0x000000076ab00000,0x000000076ab00000,0x0000000787c80000)
  from space 48640K, 54% used [0x0000000787c80000,0x0000000789694010,0x000000078ac00000)
  to   space 47616K, 0% used [0x0000000796100000,0x0000000796100000,0x0000000798f80000)
 ParOldGen       total 124928K, used 113542K [0x00000006c0000000, 0x00000006c7a00000, 0x000000076ab00000)
  object space 124928K, 90% used [0x00000006c0000000,0x00000006c6ee1be8,0x00000006c7a00000)
 Metaspace       used 24400K, capacity 24922K, committed 25136K, reserved 1071104K
  class space    used 2837K, capacity 3090K, committed 3120K, reserved 1048576K

